00000000000i[      ] Bochs x86 Emulator 2.6.11.svn
00000000000i[      ]   Built from SVN snapshot after release 2.6.11
00000000000i[      ]   Compiled on Jul 22 2020 at 15:56:31
00000000000i[      ] System configuration
00000000000i[      ]   processors: 1 (cores=1, HT threads=1)
00000000000i[      ]   A20 line support: yes
00000000000i[      ]   load configurable MSRs from file "msrs.def"
00000000000i[      ] IPS is set to 50000000
00000000000i[      ] CPU configuration
00000000000i[      ]   SMP support: no
00000000000i[      ]   Using pre-defined CPU configuration: core2_penryn_t9600
00000000000i[      ] Optimization configuration
00000000000i[      ]   RepeatSpeedups support: no
00000000000i[      ]   Fast function calls: no
00000000000i[      ]   Handlers Chaining speedups: no
00000000000i[      ] Devices configuration
00000000000i[      ]   PCI support: i440FX i430FX i440BX
00000000000i[      ]   Networking: no
00000000000i[      ]   Sound support: no
00000000000i[      ]   USB support: UHCI OHCI
00000000000i[      ]   VGA extension support: vbe
00000000000i[MEM0  ] allocated memory at 0x7f84a10bd010. after alignment, vector=0x7f84a10be000
00000000000i[MEM0  ] 512.00MB
00000000000i[MEM0  ] mem block size = 0x00020000, blocks=4096
00000000000i[MEM0  ] rom at 0xfffe0000/131072 ('/opt/bochs/share/bochs/BIOS-bochs-latest')
00000000000i[PLUGIN] init_dev of 'pci' plugin device by virtual method
00000000000i[DEV   ] i440FX PMC present at device 0, function 0
00000000000i[PLUGIN] init_dev of 'pci2isa' plugin device by virtual method
00000000000i[DEV   ] PIIX3 PCI-to-ISA bridge present at device 1, function 0
00000000000i[PLUGIN] init_dev of 'cmos' plugin device by virtual method
00000000000i[CMOS  ] Using local time for initial clock
00000000000i[CMOS  ] Setting initial clock to: Thu Jul 23 11:30:35 2020 (time0=1595475035)
00000000000i[PLUGIN] init_dev of 'dma' plugin device by virtual method
00000000000i[DMA   ] channel 4 used by cascade
00000000000i[PLUGIN] init_dev of 'pic' plugin device by virtual method
00000000000i[PLUGIN] init_dev of 'pit' plugin device by virtual method
00000000000i[PLUGIN] init_dev of 'vga' plugin device by virtual method
00000000000i[MEM0  ] Register memory access handlers: 0x0000000a0000 - 0x0000000bffff
00000000000i[VGA   ] interval=200000, mode=realtime
00000000000i[VGA   ] VSYNC using standard mode
00000000000i[MEM0  ] Register memory access handlers: 0x0000e0000000 - 0x0000e0ffffff
00000000000i[BXVGA ] VBE Bochs Display Extension Enabled
00000000000i[XGUI  ] test_alloc_colors: 16 colors available out of 16 colors tried
00000000000i[XGUI  ] font 8 wide x 16 high, display depth = 24
00000000000i[MEM0  ] rom at 0xc0000/42496 ('/opt/bochs/share/bochs/VGABIOS-lgpl-latest')
00000000000i[PLUGIN] init_dev of 'floppy' plugin device by virtual method
00000000000i[DMA   ] channel 2 used by Floppy Drive
00000000000i[FLOPPY] Using boot sequence disk, none, none
00000000000i[FLOPPY] Floppy boot signature check is enabled
00000000000i[PLUGIN] init_dev of 'acpi' plugin device by virtual method
00000000000i[DEV   ] ACPI Controller present at device 1, function 3
00000000000i[PLUGIN] init_dev of 'hpet' plugin device by virtual method
00000000000i[HPET  ] initializing HPET
00000000000i[MEM0  ] Register memory access handlers: 0x0000fed00000 - 0x0000fed003ff
00000000000i[PLUGIN] init_dev of 'ioapic' plugin device by virtual method
00000000000i[IOAPIC] initializing I/O APIC
00000000000i[MEM0  ] Register memory access handlers: 0x0000fec00000 - 0x0000fec00fff
00000000000i[IOAPIC] IOAPIC enabled (base address = 0xfec00000)
00000000000i[PLUGIN] init_dev of 'keyboard' plugin device by virtual method
00000000000i[KBD   ] will paste characters every 400 keyboard ticks
00000000000i[PLUGIN] init_dev of 'harddrv' plugin device by virtual method
00000000000i[HD    ] HD on ata0-0: 'hd.img', 'flat' mode
00000000000i[IMG   ] hd_size: 62447616
00000000000i[HD    ] ata0-0: using specified geometry: CHS=121/16/63 (sector size=512)
00000000000i[HD    ] translation on ata0-0 set to 'none'
00000000000i[PLUGIN] init_dev of 'pci_ide' plugin device by virtual method
00000000000i[DEV   ] PIIX3 PCI IDE controller present at device 1, function 1
00000000000i[PLUGIN] init_dev of 'unmapped' plugin device by virtual method
00000000000i[PLUGIN] init_dev of 'biosdev' plugin device by virtual method
00000000000i[PLUGIN] init_dev of 'speaker' plugin device by virtual method
00000000000i[PCSPK ] Using /dev/console for output
00000000000i[PLUGIN] init_dev of 'extfpuirq' plugin device by virtual method
00000000000i[PLUGIN] init_dev of 'parallel' plugin device by virtual method
00000000000i[PAR   ] parallel port 1 at 0x0378 irq 7
00000000000i[PLUGIN] init_dev of 'serial' plugin device by virtual method
00000000000i[SER   ] com1 at 0x03f8 irq 4 (mode: null)
00000000000i[PLUGIN] init_dev of 'iodebug' plugin device by virtual method
00000000000i[PLUGIN] init_dev of 'usb_uhci' plugin device by virtual method
00000000000i[DEV   ] USB UHCI present at device 1, function 2
00000000000i[UHCI  ] USB UHCI initialized
00000000000i[PLUGIN] register state of 'pci' plugin device by virtual method
00000000000i[PLUGIN] register state of 'pci2isa' plugin device by virtual method
00000000000i[PLUGIN] register state of 'cmos' plugin device by virtual method
00000000000i[PLUGIN] register state of 'dma' plugin device by virtual method
00000000000i[PLUGIN] register state of 'pic' plugin device by virtual method
00000000000i[PLUGIN] register state of 'pit' plugin device by virtual method
00000000000i[PLUGIN] register state of 'vga' plugin device by virtual method
00000000000i[PLUGIN] register state of 'floppy' plugin device by virtual method
00000000000i[PLUGIN] register state of 'unmapped' plugin device by virtual method
00000000000i[PLUGIN] register state of 'biosdev' plugin device by virtual method
00000000000i[PLUGIN] register state of 'speaker' plugin device by virtual method
00000000000i[PLUGIN] register state of 'extfpuirq' plugin device by virtual method
00000000000i[PLUGIN] register state of 'parallel' plugin device by virtual method
00000000000i[PLUGIN] register state of 'serial' plugin device by virtual method
00000000000i[PLUGIN] register state of 'iodebug' plugin device by virtual method
00000000000i[PLUGIN] register state of 'usb_uhci' plugin device by virtual method
00000000000i[PLUGIN] register state of 'acpi' plugin device by virtual method
00000000000i[PLUGIN] register state of 'hpet' plugin device by virtual method
00000000000i[PLUGIN] register state of 'ioapic' plugin device by virtual method
00000000000i[PLUGIN] register state of 'keyboard' plugin device by virtual method
00000000000i[PLUGIN] register state of 'harddrv' plugin device by virtual method
00000000000i[PLUGIN] register state of 'pci_ide' plugin device by virtual method
00000000000i[SYS   ] bx_pc_system_c::Reset(HARDWARE) called
00000000000i[CPU0  ] cpu hardware reset
00000000000i[APIC0 ] allocate APIC id=0 (MMIO enabled) to 0x0000fee00000
00000000000i[CPU0  ] CPUID[0x00000000]: 0000000d 756e6547 6c65746e 49656e69
00000000000i[CPU0  ] CPUID[0x00000001]: 0001067a 00010800 0408e3fd afebfbff
00000000000i[CPU0  ] CPUID[0x00000002]: 05b0b101 005657f0 00000000 2cb4304e
00000000000i[CPU0  ] CPUID[0x00000003]: 00000000 00000000 00000000 00000000
00000000000i[CPU0  ] CPUID[0x00000004]: 04000121 01c0003f 0000003f 00000001
00000000000i[CPU0  ] CPUID[0x00000005]: 00000040 00000040 00000003 03122220
00000000000i[CPU0  ] CPUID[0x00000006]: 00000003 00000002 00000003 00000000
00000000000i[CPU0  ] CPUID[0x00000007]: 00000000 00000000 00000000 00000000
00000000000i[CPU0  ] CPUID[0x00000008]: 00000000 00000000 00000000 00000000
00000000000i[CPU0  ] CPUID[0x00000009]: 00000000 00000000 00000000 00000000
00000000000i[CPU0  ] WARNING: Architectural Performance Monitoring is not implemented
00000000000i[CPU0  ] CPUID[0x0000000a]: 07280202 00000000 00000000 00000503
00000000000i[CPU0  ] CPUID[0x0000000b]: 00000000 00000000 00000000 00000000
00000000000i[CPU0  ] CPUID[0x0000000c]: 00000000 00000000 00000000 00000000
00000000000i[CPU0  ] CPUID[0x0000000d]: 00000003 00000240 00000240 00000000
00000000000i[CPU0  ] CPUID[0x80000000]: 80000008 00000000 00000000 00000000
00000000000i[CPU0  ] CPUID[0x80000001]: 00000000 00000000 00000001 20100000
00000000000i[CPU0  ] CPUID[0x80000002]: 65746e49 2952286c 726f4320 4d542865
00000000000i[CPU0  ] CPUID[0x80000003]: 44203229 43206f75 20205550 54202020
00000000000i[CPU0  ] CPUID[0x80000004]: 30303639 20402020 30382e32 007a4847
00000000000i[CPU0  ] CPUID[0x80000005]: 00000000 00000000 00000000 00000000
00000000000i[CPU0  ] CPUID[0x80000006]: 00000000 00000000 18008040 00000000
00000000000i[CPU0  ] CPUID[0x80000007]: 00000000 00000000 00000000 00000000
00000000000i[CPU0  ] CPUID[0x80000008]: 00003028 00000000 00000000 00000000
00000000000i[CPU0  ] CPU Features supported:
00000000000i[CPU0  ] 		x87
00000000000i[CPU0  ] 		486ni
00000000000i[CPU0  ] 		pentium_ni
00000000000i[CPU0  ] 		p6ni
00000000000i[CPU0  ] 		mmx
00000000000i[CPU0  ] 		debugext
00000000000i[CPU0  ] 		vme
00000000000i[CPU0  ] 		pse
00000000000i[CPU0  ] 		pae
00000000000i[CPU0  ] 		pge
00000000000i[CPU0  ] 		pse36
00000000000i[CPU0  ] 		mtrr
00000000000i[CPU0  ] 		pat
00000000000i[CPU0  ] 		sysenter_sysexit
00000000000i[CPU0  ] 		clflush
00000000000i[CPU0  ] 		sse
00000000000i[CPU0  ] 		sse2
00000000000i[CPU0  ] 		sse3
00000000000i[CPU0  ] 		ssse3
00000000000i[CPU0  ] 		sse4_1
00000000000i[CPU0  ] 		mwait
00000000000i[CPU0  ] 		vmx
00000000000i[CPU0  ] 		smx
00000000000i[CPU0  ] 		longmode
00000000000i[CPU0  ] 		lm_lahf_sahf
00000000000i[CPU0  ] 		nx
00000000000i[CPU0  ] 		cmpxhg16b
00000000000i[CPU0  ] 		xsave
00000000000i[CPU0  ] 		xapic
00000000000i[PLUGIN] reset of 'pci' plugin device by virtual method
00000000000i[PLUGIN] reset of 'pci2isa' plugin device by virtual method
00000000000i[PLUGIN] reset of 'cmos' plugin device by virtual method
00000000000i[PLUGIN] reset of 'dma' plugin device by virtual method
00000000000i[PLUGIN] reset of 'pic' plugin device by virtual method
00000000000i[PLUGIN] reset of 'pit' plugin device by virtual method
00000000000i[PLUGIN] reset of 'vga' plugin device by virtual method
00000000000i[PLUGIN] reset of 'floppy' plugin device by virtual method
00000000000i[PLUGIN] reset of 'acpi' plugin device by virtual method
00000000000i[PLUGIN] reset of 'hpet' plugin device by virtual method
00000000000i[PLUGIN] reset of 'ioapic' plugin device by virtual method
00000000000i[PLUGIN] reset of 'keyboard' plugin device by virtual method
00000000000i[PLUGIN] reset of 'harddrv' plugin device by virtual method
00000000000i[PLUGIN] reset of 'pci_ide' plugin device by virtual method
00000000000i[PLUGIN] reset of 'unmapped' plugin device by virtual method
00000000000i[PLUGIN] reset of 'biosdev' plugin device by virtual method
00000000000i[PLUGIN] reset of 'speaker' plugin device by virtual method
00000000000i[PLUGIN] reset of 'extfpuirq' plugin device by virtual method
00000000000i[PLUGIN] reset of 'parallel' plugin device by virtual method
00000000000i[PLUGIN] reset of 'serial' plugin device by virtual method
00000000000i[PLUGIN] reset of 'iodebug' plugin device by virtual method
00000000000i[PLUGIN] reset of 'usb_uhci' plugin device by virtual method
00000000000i[      ] set SIGINT handler to bx_debug_ctrlc_handler
00000004662i[BIOS  ] $Revision: 13752 $ $Date: 2019-12-30 14:16:18 +0100 (Mon, 30 Dec 2019) $
00000387544i[KBD   ] reset-disable command received
00000413311i[BIOS  ] Starting rombios32
00000413749i[BIOS  ] Shutdown flag 0
00000414348i[BIOS  ] ram_size=0x20000000
00000414792i[BIOS  ] ram_end=512MB
00000910199i[BIOS  ] Found 1 cpu(s)
00000923853i[BIOS  ] bios_table_addr: 0x000f9db8 end=0x000fcc00
00001251674i[PCI   ] i440FX PMC write to PAM register 59 (TLB Flush)
00001579604i[P2ISA ] PCI IRQ routing: PIRQA# set to 0x0b
00001579623i[P2ISA ] PCI IRQ routing: PIRQB# set to 0x09
00001579642i[P2ISA ] PCI IRQ routing: PIRQC# set to 0x0b
00001579661i[P2ISA ] PCI IRQ routing: PIRQD# set to 0x09
00001579671i[P2ISA ] write: ELCR2 = 0x0a
00001580441i[BIOS  ] PIIX3/PIIX4 init: elcr=00 0a
00001594113i[BIOS  ] PCI: bus=0 devfn=0x00: vendor_id=0x8086 device_id=0x1237 class=0x0600
00001596426i[BIOS  ] PCI: bus=0 devfn=0x08: vendor_id=0x8086 device_id=0x7000 class=0x0601
00001598578i[BIOS  ] PCI: bus=0 devfn=0x09: vendor_id=0x8086 device_id=0x7010 class=0x0101
00001598813i[PIDE  ] BAR #4: i/o base address = 0xc000
00001599429i[BIOS  ] region 4: 0x0000c000
00001601471i[BIOS  ] PCI: bus=0 devfn=0x0a: vendor_id=0x8086 device_id=0x7020 class=0x0c03
00001601684i[UHCI  ] BAR #4: i/o base address = 0xc020
00001602300i[BIOS  ] region 4: 0x0000c020
00001602434i[UHCI  ] new IRQ line = 9
00001604356i[BIOS  ] PCI: bus=0 devfn=0x0b: vendor_id=0x8086 device_id=0x7113 class=0x0680
00001604600i[ACPI  ] new IRQ line = 11
00001604614i[ACPI  ] new IRQ line = 9
00001604641i[ACPI  ] new PM base address: 0xb000
00001604655i[ACPI  ] new SM base address: 0xb100
00001604683i[PCI   ] setting SMRAM control register to 0x4a
00001768776i[CPU0  ] Enter to System Management Mode
00001768776i[CPU0  ] enter_system_management_mode: temporary disable VMX while in SMM mode
00001768786i[CPU0  ] RSM: Resuming from System Management Mode
00001932807i[PCI   ] setting SMRAM control register to 0x0a
00001959523i[BIOS  ] MP table addr=0x000f9e90 MPC table addr=0x000f9dc0 size=0xc8
00001961394i[BIOS  ] SMBIOS table addr=0x000f9ea0
00001963589i[BIOS  ] ACPI tables: RSDP addr=0x000f9fd0 ACPI DATA addr=0x1fff0000 size=0xff8
00001966858i[BIOS  ] Firmware waking vector 0x1fff00cc
00001969338i[PCI   ] i440FX PMC write to PAM register 59 (TLB Flush)
00001970061i[BIOS  ] bios_table_cur_addr: 0x000f9ff4
00002100468i[VBIOS ] VGABios $Id: vgabios.c 241 2020-06-28 14:23:49Z vruppert $
00002100539i[BXVGA ] VBE known Display Interface b0c0
00002100571i[BXVGA ] VBE known Display Interface b0c5
00002103214i[VBIOS ] VBE Bios $Id: vbe.c 236 2020-06-19 20:15:18Z vruppert $
00002346439i[BIOS  ] ata0-0: PCHS=121/16/63 translation=none LCHS=121/16/63
00005778221i[BIOS  ] IDE time out
00006047943i[BIOS  ] Booting from 0000:7c00
00007623300i[XGUI  ] charmap update. Font is 9 x 16
379682056268i[      ] Ctrl-C detected in signal handler.
379682056269i[      ] dbg: Quit
379682056269i[CPU0  ] CPU is in real mode (active)
379682056269i[CPU0  ] CS.mode = 16 bit
379682056269i[CPU0  ] SS.mode = 16 bit
379682056269i[CPU0  ] EFER   = 0x00000000
379682056269i[CPU0  ] | EAX=00000321  EBX=00000014  ECX=0009000a  EDX=0000184f
379682056269i[CPU0  ] | ESP=00007c00  EBP=00000000  ESI=00000002  EDI=00000944
379682056269i[CPU0  ] | IOPL=0 id vip vif ac vm rf nt of df if tf sf ZF af PF cf
379682056269i[CPU0  ] | SEG sltr(index|ti|rpl)     base    limit G D
379682056269i[CPU0  ] |  CS:0000( 0004| 0|  0) 00000000 0000ffff 0 0
379682056269i[CPU0  ] |  DS:0000( 0005| 0|  0) 00000000 0000ffff 0 0
379682056269i[CPU0  ] |  SS:0000( 0005| 0|  0) 00000000 0000ffff 0 0
379682056269i[CPU0  ] |  ES:0000( 0005| 0|  0) 00000000 0000ffff 0 0
379682056269i[CPU0  ] |  FS:0000( 0005| 0|  0) 00000000 0000ffff 0 0
379682056269i[CPU0  ] |  GS:b800( 0005| 0|  0) 000b8000 0000ffff 0 0
379682056269i[CPU0  ] | EIP=00000919 (00000919)
379682056269i[CPU0  ] | CR0=0x60000010 CR2=0x00000000
379682056269i[CPU0  ] | CR3=0x00000000 CR4=0x00000000
379682056269i[CMOS  ] Last time is 1595482628 (Thu Jul 23 13:37:08 2020)
379682056269i[XGUI  ] Exit
379682056269i[SIM   ] quit_sim called with exit code 0
